<?xml version="1.0" encoding="UTF-8"?>
<!-- Generated by org.testng.reporters.JUnitReportReporter -->
<testsuite hostname="LAPTOP-SDI5EEI7" failures="0" tests="1" name="runner.runner" time="12.345" errors="0" timestamp="2022-11-29T19:59:41 IST" skipped="0">
  <testcase classname="runner.runner" name="runScenario" time="12.345"/>
  <system-out/>
</testsuite> <!-- runner.runner -->
